<?xml version="1.0" encoding="UTF-8"?>
<!-- Generated by org.testng.reporters.JUnitReportReporter -->
<testsuite skipped="0" hostname="DESKTOP-TUIQDDE" name="com.projecttestng.FirstTestNG" tests="1" failures="0" timestamp="2021-08-02T20:46:54 EDT" time="7.055" errors="0">
  <testcase name="testcase1" time="7.055" classname="com.projecttestng.FirstTestNG"/>
  <system-out/>
</testsuite> <!-- com.projecttestng.FirstTestNG -->
